C51 COMPILER V9.02   MAIN                                                                  03/10/2020 23:09:58 PAGE 1   


C51 COMPILER V9.02, COMPILATION OF MODULE MAIN
OBJECT MODULE PLACED IN main.OBJ
COMPILER INVOKED BY: D:\Program Files (x86)\Keil\C51\BIN\C51.EXE main.c BROWSE DEBUG OBJECTEXTEND

line level    source

   1          #include<reg52.h>
   2          
   3          sbit LED = P0^0;
   4          sbit ADDR0 = P1^0;
   5          sbit ADDR1 = P1^1;
   6          sbit ADDR2 = P1^2;
   7          sbit ADDR3 = P1^3;
   8          sbit ENLED = P1^4;
   9          
  10          void main()
  11          {
  12   1              unsigned char cnt = 0;  //定义一个计数变量，记录T0溢出次数
  13   1      
  14   1              ENLED = 0;              //使能U3，选择独立LED
  15   1              ADDR3 = 1;
  16   1              ADDR2 = 1;
  17   1              ADDR1 = 1;
  18   1              ADDR0 = 0;
  19   1              
  20   1              //x*12/11059200=0.02    x = 18432       65536 - x = 47104 = 0xB800
  21   1              TMOD = 0x01;    //设置T0为模式1
  22   1              TH0 = 0xB8;             //为T0赋初值0xB800
  23   1              TL0 = 0x00;
  24   1              TR0 = 1;                //启动T0
  25   1      
  26   1              while(1)
  27   1              {
  28   2                      if( TF0 == 1 )                  //判断T0是否溢出
  29   2                      {
  30   3                              TF0 = 0;                        //T0溢出后，清零中断标志
  31   3                              TH0 = 0xB8;                     //并重新赋初值
  32   3                              TL0 = 0x00;
  33   3                              cnt++;                          //计数值自加1
  34   3                              if( cnt >= 50 )         //判断T0溢出是否达到50次
  35   3                              {
  36   4                                      cnt = 0;                //达到50次后计数值清零
  37   4                                      LED = ~LED;             //LED取反：0-->1、1-->0
  38   4                              }
  39   3                      }
  40   2              }
  41   1      }


MODULE INFORMATION:   STATIC OVERLAYABLE
   CODE SIZE        =     46    ----
   CONSTANT SIZE    =   ----    ----
   XDATA SIZE       =   ----    ----
   PDATA SIZE       =   ----    ----
   DATA SIZE        =   ----    ----
   IDATA SIZE       =   ----    ----
   BIT SIZE         =   ----    ----
END OF MODULE INFORMATION.


C51 COMPILATION COMPLETE.  0 WARNING(S),  0 ERROR(S)
