C51 COMPILER V9.02   MAIN                                                                  03/07/2020 13:56:59 PAGE 1   


C51 COMPILER V9.02, COMPILATION OF MODULE MAIN
OBJECT MODULE PLACED IN main.OBJ
COMPILER INVOKED BY: D:\Program Files (x86)\Keil\C51\BIN\C51.EXE main.c BROWSE DEBUG OBJECTEXTEND

line level    source

   1          #include<reg52.h>
   2          
   3          sbit ADDR0 = P1^0;
   4          sbit ADDR1 = P1^1;
   5          sbit ADDR2 = P1^2;
   6          sbit ADDR3 = P1^3;
   7          sbit ENLED = P1^4;
   8          
   9          void main()
  10          {
  11   1              unsigned int i = 0;             //定义循环变量i，用于软件延时
  12   1              unsigned char cnt = 0;  //定义计数变量cnt，用于移位控制
  13   1      
  14   1              ENLED = 0;
  15   1              ADDR3 = 1;
  16   1              ADDR2 = 1;
  17   1              ADDR1 = 1;
  18   1              ADDR0 = 0;
  19   1      
  20   1              while(1)        //主循环，程序无限循环执行该循环体语句
  21   1              {
  22   2                      P0 = ~(0x01 << cnt);    //P0等于1左移cnt位，控制8个LED
  23   2                      for(i=0; i<30000; i++); //软件延时
  24   2                      cnt++;                                  //移位计数变量自加1
  25   2                      if(cnt >= 8)                    //移位计数超过7后，再重新从0开始
  26   2                      {
  27   3                              cnt = 0;                        
  28   3                      }
  29   2              }
  30   1      }


MODULE INFORMATION:   STATIC OVERLAYABLE
   CODE SIZE        =     53    ----
   CONSTANT SIZE    =   ----    ----
   XDATA SIZE       =   ----    ----
   PDATA SIZE       =   ----    ----
   DATA SIZE        =   ----    ----
   IDATA SIZE       =   ----    ----
   BIT SIZE         =   ----    ----
END OF MODULE INFORMATION.


C51 COMPILATION COMPLETE.  0 WARNING(S),  0 ERROR(S)
