C51 COMPILER V9.02   LED_3                                                                 03/07/2020 13:10:52 PAGE 1   


C51 COMPILER V9.02, COMPILATION OF MODULE LED_3
OBJECT MODULE PLACED IN led_3.OBJ
COMPILER INVOKED BY: D:\Program Files (x86)\Keil\C51\BIN\C51.EXE led_3.c BROWSE DEBUG OBJECTEXTEND

line level    source

   1          /*              µ„¡¡LED3–°µ∆            */
   2          
   3          #include<reg52.h>
   4          
   5          sbit LED = P0^1;
   6          sbit ADDR0 = P1^0;
   7          sbit ADDR1 = P1^1;
   8          sbit ADDR2 = P1^2;
   9          sbit ADDR3 = P1^3;
  10          sbit ENLED = P1^4;
  11          
  12          void main()
  13          {
  14   1              unsigned int i = 0;
  15   1      
  16   1              ENLED = 0;
  17   1              ADDR3 = 1;
  18   1              ADDR2 = 1;
  19   1              ADDR1 = 1;
  20   1              ADDR0 = 0;
  21   1      
  22   1              while(1)
  23   1              {
  24   2                      LED = 0;
  25   2                      for(i=0; i<30000; i++);
  26   2                      LED = 1;
  27   2                      for(i=0; i<30000; i++);
  28   2              }
  29   1      }


MODULE INFORMATION:   STATIC OVERLAYABLE
   CODE SIZE        =     47    ----
   CONSTANT SIZE    =   ----    ----
   XDATA SIZE       =   ----    ----
   PDATA SIZE       =   ----    ----
   DATA SIZE        =   ----    ----
   IDATA SIZE       =   ----    ----
   BIT SIZE         =   ----    ----
END OF MODULE INFORMATION.


C51 COMPILATION COMPLETE.  0 WARNING(S),  0 ERROR(S)
