C51 COMPILER V9.02   MAIN                                                                  03/27/2020 00:44:22 PAGE 1   


C51 COMPILER V9.02, COMPILATION OF MODULE MAIN
OBJECT MODULE PLACED IN main.OBJ
COMPILER INVOKED BY: D:\Program Files (x86)\Keil\C51\BIN\C51.EXE main.c BROWSE DEBUG OBJECTEXTEND

line level    source

   1          /*数码管动态显示原理示例(if...else if...语句示例)*/
   2          #include<reg52.h>
   3          
   4          sbit ADDR0 = P1^0;
   5          sbit ADDR1 = P1^1;
   6          sbit ADDR2 = P1^2;
   7          sbit ADDR3 = P1^3;
   8          sbit ENLED = P1^4;
   9          
  10          unsigned char code LedChar[] = {        //数码管显示字符转换表
  11                  0xC0, 0xF9, 0xA4, 0xB0, 0x99, 0x92, 0x82, 0xF8,
  12                  0x80, 0x90, 0x88, 0x83, 0xC6, 0xA1, 0x86, 0x8E  
  13          };
  14          unsigned char LedBuff[6] = {    //数码管显示缓冲区，初值0xFF确保启动时都不亮
  15                  0xFF, 0xFF, 0xFF, 0xFF, 0xFF, 0xFF 
  16          };
  17          
  18          void main()
  19          {
  20   1              unsigned char i = 0;    //动态扫描的索引
  21   1              unsigned int  cnt = 0;  //记录T0中断次数
  22   1              unsigned long sec = 0;  //记录经过的秒数
  23   1      
  24   1              ENLED = 0;              //使能U3，选择控制数码管
  25   1              ADDR3 = 1;              //因为需要动态改变ADDR0-2的值，所以不需要再初始化了
  26   1              TMOD = 0x01;    //设置T0为模式1
  27   1              TH0 = 0xFC;             //为T0赋初值0xFC67，定时1ms
  28   1              TL0 = 0x67;
  29   1              TR0 = 1;                //启动T0
  30   1      
  31   1              while(1)
  32   1              {
  33   2                      if(TF0 == 1)            //判断T0是否溢出
  34   2                      {
  35   3                              TF0 = 0;                //T0溢出后，清零中断标志
  36   3                              TH0 = 0xFC;             //并重新赋初值
  37   3                              TL0 = 0x67;
  38   3                              cnt++;                  //计数值自加1
  39   3                              if(cnt >= 1000) //判断T0溢出是否达到1000次
  40   3                              {
  41   4                                      cnt = 0;        //达到1000次后计数值清零
  42   4                                      sec++;          //秒计数自加1
  43   4                                      //以下代码将sec按十进制位从低到高依次提取并转为数码管显示字符
  44   4                                      LedBuff[0] = LedChar[sec%10];
  45   4                                      LedBuff[1] = LedChar[sec/10%10];
  46   4                                      LedBuff[2] = LedChar[sec/100%10];
  47   4                                      LedBuff[3] = LedChar[sec/1000%10];
  48   4                                      LedBuff[4] = LedChar[sec/10000%10];
  49   4                                      LedBuff[5] = LedChar[sec/100000%10];
  50   4                              }
  51   3                              //以下代码完成数码管动态扫描刷新
  52   3                              if(i == 0)
  53   3                              { ADDR2=0; ADDR1=0; ADDR0=0; i++; P0=LedBuff[0];}
  54   3                              else if(i == 1)
  55   3                              { ADDR2=0; ADDR1=0; ADDR0=1; i++; P0=LedBuff[1];}
C51 COMPILER V9.02   MAIN                                                                  03/27/2020 00:44:22 PAGE 2   

  56   3                              else if(i == 2)
  57   3                              { ADDR2=0; ADDR1=1; ADDR0=0; i++; P0=LedBuff[2];}
  58   3                              else if(i == 3)
  59   3                              { ADDR2=0; ADDR1=1; ADDR0=1; i++; P0=LedBuff[3];}
  60   3                              else if(i == 4)
  61   3                              { ADDR2=1; ADDR1=0; ADDR0=0; i++; P0=LedBuff[4];}
  62   3                              else if(i == 5)
  63   3                              { ADDR2=1; ADDR1=0; ADDR0=1; i=0; P0=LedBuff[5];}
  64   3                      }
  65   2              }
  66   1      }


MODULE INFORMATION:   STATIC OVERLAYABLE
   CODE SIZE        =    439    ----
   CONSTANT SIZE    =     16    ----
   XDATA SIZE       =   ----    ----
   PDATA SIZE       =   ----    ----
   DATA SIZE        =      6       7
   IDATA SIZE       =   ----    ----
   BIT SIZE         =   ----    ----
END OF MODULE INFORMATION.


C51 COMPILATION COMPLETE.  0 WARNING(S),  0 ERROR(S)
